# JRE version: OpenJDK Runtime Environment (21.0.10) (build 21.0.10+-14961533-b1163.108)
# Java VM: OpenJDK 64-Bit Server VM (21.0.10+-14961533-b1163.108, mixed mode, tiered, compressed oops, compressed class ptrs, g1 gc, windows-amd64)
GC Precious Log:
 CardTable entry size: 512
 Card Set container configuration: InlinePtr #cards 5 size 8 Array Of Cards #cards 12 size 40 Howl #buckets 4 coarsen threshold 1843 Howl Bitmap #cards 512 size 80 coarsen threshold 460 Card regions per heap region 1 cards per card region 2048
 CPUs: 12 total, 12 available
 Memory: 16194M
 Large Page Support: Disabled
 NUMA Support: Disabled
 Compressed Oops: Enabled (32-bit)
 Heap Region Size: 1M
 Heap Min Capacity: 8M
 Heap Initial Capacity: 254M
 Heap Max Capacity: 2G
 Pre-touch: Disabled
 Parallel Workers: 10
 Concurrent Workers: 3
 Concurrent Refinement Workers: 10
 Periodic GC: Disabled
Heap:
 garbage-first heap   total 365568K, used 259283K [0x0000000080000000, 0x0000000100000000)
  region size 1024K, 4 young (4096K), 4 survivors (4096K)
 Metaspace       used 196556K, committed 199616K, reserved 1245184K
  class space    used 26982K, committed 28544K, reserved 1048576K
GC Heap History (20 events):
Event: 251.794 GC heap after
{Heap after GC invocations=62 (full 0):
 garbage-first heap   total 289792K, used 159798K [0x0000000080000000, 0x0000000100000000)
  region size 1024K, 8 young (8192K), 8 survivors (8192K)
 Metaspace       used 172331K, committed 175232K, reserved 1245184K
  class space    used 24401K, committed 25856K, reserved 1048576K
}
Event: 509.098 GC heap before
{Heap before GC invocations=63 (full 0):
 garbage-first heap   total 289792K, used 263222K [0x0000000080000000, 0x0000000100000000)
  region size 1024K, 99 young (101376K), 8 survivors (8192K)
 Metaspace       used 173911K, committed 176896K, reserved 1245184K
  class space    used 24607K, committed 26112K, reserved 1048576K
}
Event: 509.107 GC heap after
{Heap after GC invocations=64 (full 0):
 garbage-first heap   total 289792K, used 158254K [0x0000000080000000, 0x0000000100000000)
  region size 1024K, 7 young (7168K), 7 survivors (7168K)
 Metaspace       used 173911K, committed 176896K, reserved 1245184K
  class space    used 24607K, committed 26112K, reserved 1048576K
}
Event: 509.552 GC heap before
{Heap before GC invocations=64 (full 0):
 garbage-first heap   total 289792K, used 258606K [0x0000000080000000, 0x0000000100000000)
  region size 1024K, 104 young (106496K), 7 survivors (7168K)
 Metaspace       used 176178K, committed 179136K, reserved 1245184K
  class space    used 24882K, committed 26368K, reserved 1048576K
}
Event: 509.565 GC heap after
{Heap after GC invocations=65 (full 0):
 garbage-first heap   total 289792K, used 166938K [0x0000000080000000, 0x0000000100000000)
  region size 1024K, 13 young (13312K), 13 survivors (13312K)
 Metaspace       used 176178K, committed 179136K, reserved 1245184K
  class space    used 24882K, committed 26368K, reserved 1048576K
}
Event: 512.056 GC heap before
{Heap before GC invocations=65 (full 0):
 garbage-first heap   total 289792K, used 273434K [0x0000000080000000, 0x0000000100000000)
  region size 1024K, 103 young (105472K), 13 survivors (13312K)
 Metaspace       used 176377K, committed 179328K, reserved 1245184K
  class space    used 24890K, committed 26368K, reserved 1048576K
}
Event: 512.073 GC heap after
{Heap after GC invocations=66 (full 0):
 garbage-first heap   total 307200K, used 178120K [0x0000000080000000, 0x0000000100000000)
  region size 1024K, 13 young (13312K), 13 survivors (13312K)
 Metaspace       used 176377K, committed 179328K, reserved 1245184K
  class space    used 24890K, committed 26368K, reserved 1048576K
}
Event: 512.318 GC heap before
{Heap before GC invocations=66 (full 0):
 garbage-first heap   total 307200K, used 211912K [0x0000000080000000, 0x0000000100000000)
  region size 1024K, 48 young (49152K), 13 survivors (13312K)
 Metaspace       used 177557K, committed 180544K, reserved 1245184K
  class space    used 24992K, committed 26496K, reserved 1048576K
}
Event: 512.325 GC heap after
{Heap after GC invocations=67 (full 0):
 garbage-first heap   total 307200K, used 182758K [0x0000000080000000, 0x0000000100000000)
  region size 1024K, 3 young (3072K), 3 survivors (3072K)
 Metaspace       used 177557K, committed 180544K, reserved 1245184K
  class space    used 24992K, committed 26496K, reserved 1048576K
}
Event: 512.720 GC heap before
{Heap before GC invocations=68 (full 0):
 garbage-first heap   total 311296K, used 280038K [0x0000000080000000, 0x0000000100000000)
  region size 1024K, 92 young (94208K), 3 survivors (3072K)
 Metaspace       used 184159K, committed 187136K, reserved 1245184K
  class space    used 25615K, committed 27136K, reserved 1048576K
}
Event: 512.728 GC heap after
{Heap after GC invocations=69 (full 0):
 garbage-first heap   total 311296K, used 198158K [0x0000000080000000, 0x0000000100000000)
  region size 1024K, 12 young (12288K), 12 survivors (12288K)
 Metaspace       used 184159K, committed 187136K, reserved 1245184K
  class space    used 25615K, committed 27136K, reserved 1048576K
}
Event: 513.154 GC heap before
{Heap before GC invocations=69 (full 0):
 garbage-first heap   total 311296K, used 281102K [0x0000000080000000, 0x0000000100000000)
  region size 1024K, 93 young (95232K), 12 survivors (12288K)
 Metaspace       used 187958K, committed 190976K, reserved 1245184K
  class space    used 26028K, committed 27584K, reserved 1048576K
}
Event: 513.162 GC heap after
{Heap after GC invocations=70 (full 0):
 garbage-first heap   total 311296K, used 188681K [0x0000000080000000, 0x0000000100000000)
  region size 1024K, 3 young (3072K), 3 survivors (3072K)
 Metaspace       used 187958K, committed 190976K, reserved 1245184K
  class space    used 26028K, committed 27584K, reserved 1048576K
}
Event: 513.184 GC heap before
{Heap before GC invocations=70 (full 0):
 garbage-first heap   total 311296K, used 192777K [0x0000000080000000, 0x0000000100000000)
  region size 1024K, 8 young (8192K), 3 survivors (3072K)
 Metaspace       used 188116K, committed 191104K, reserved 1245184K
  class space    used 26051K, committed 27584K, reserved 1048576K
}
Event: 513.189 GC heap after
{Heap after GC invocations=71 (full 0):
 garbage-first heap   total 311296K, used 188165K [0x0000000080000000, 0x0000000100000000)
  region size 1024K, 2 young (2048K), 2 survivors (2048K)
 Metaspace       used 188116K, committed 191104K, reserved 1245184K
  class space    used 26051K, committed 27584K, reserved 1048576K
}
Event: 513.885 GC heap before
{Heap before GC invocations=72 (full 0):
 garbage-first heap   total 324608K, used 318213K [0x0000000080000000, 0x0000000100000000)
  region size 1024K, 93 young (95232K), 2 survivors (2048K)
 Metaspace       used 192435K, committed 195520K, reserved 1245184K
  class space    used 26472K, committed 28032K, reserved 1048576K
}
Event: 513.908 GC heap after
{Heap after GC invocations=73 (full 0):
 garbage-first heap   total 350208K, used 232812K [0x0000000080000000, 0x0000000100000000)
  region size 1024K, 12 young (12288K), 12 survivors (12288K)
 Metaspace       used 192435K, committed 195520K, reserved 1245184K
  class space    used 26472K, committed 28032K, reserved 1048576K
}
Event: 514.322 GC heap before
{Heap before GC invocations=73 (full 0):
 garbage-first heap   total 350208K, used 311660K [0x0000000080000000, 0x0000000100000000)
  region size 1024K, 88 young (90112K), 12 survivors (12288K)
 Metaspace       used 196436K, committed 199488K, reserved 1245184K
  class space    used 26965K, committed 28480K, reserved 1048576K
}
Event: 514.351 GC heap after
{Heap after GC invocations=74 (full 0):
 garbage-first heap   total 365568K, used 253373K [0x0000000080000000, 0x0000000100000000)
  region size 1024K, 11 young (11264K), 11 survivors (11264K)
 Metaspace       used 196436K, committed 199488K, reserved 1245184K
  class space    used 26965K, committed 28480K, reserved 1048576K
}
Event: 514.367 GC heap before
{Heap before GC invocations=74 (full 0):
 garbage-first heap   total 365568K, used 257469K [0x0000000080000000, 0x0000000100000000)
  region size 1024K, 17 young (17408K), 11 survivors (11264K)
 Metaspace       used 196556K, committed 199616K, reserved 1245184K
  class space    used 26982K, committed 28544K, reserved 1048576K
}

